  [1m[36m (31.0ms)[0m  [1mCREATE TABLE "schema_migrations" ("version" character varying NOT NULL) [0m
  [1m[35m (1.4ms)[0m  CREATE UNIQUE INDEX  "unique_schema_migrations" ON "schema_migrations"  ("version")
  [1m[36mActiveRecord::SchemaMigration Load (0.2ms)[0m  [1mSELECT "schema_migrations".* FROM "schema_migrations"[0m
Migrating to CreateUsers (20150627193516)
  [1m[35m (0.1ms)[0m  BEGIN
  [1m[36m (22.3ms)[0m  [1mCREATE TABLE "users" ("id" serial primary key, "created_at" timestamp NOT NULL, "updated_at" timestamp NOT NULL) [0m
  [1m[35mSQL (0.3ms)[0m  INSERT INTO "schema_migrations" ("version") VALUES ($1)  [["version", "20150627193516"]]
  [1m[36m (5.8ms)[0m  [1mCOMMIT[0m
Migrating to CreateTrees (20150627193522)
  [1m[35m (5.8ms)[0m  BEGIN
  [1m[36m (9.0ms)[0m  [1mCREATE TABLE "trees" ("id" serial primary key, "charity_id" integer, "donation_amount" integer, "created_at" timestamp NOT NULL, "updated_at" timestamp NOT NULL) [0m
  [1m[35mSQL (0.2ms)[0m  INSERT INTO "schema_migrations" ("version") VALUES ($1)  [["version", "20150627193522"]]
  [1m[36m (6.1ms)[0m  [1mCOMMIT[0m
Migrating to CreateCharities (20150627193526)
  [1m[35m (5.9ms)[0m  BEGIN
  [1m[36m (20.6ms)[0m  [1mCREATE TABLE "charities" ("id" serial primary key, "name" character varying, "summary" character varying, "url" character varying, "jg_code" character varying, "created_at" timestamp NOT NULL, "updated_at" timestamp NOT NULL) [0m
  [1m[35mSQL (0.2ms)[0m  INSERT INTO "schema_migrations" ("version") VALUES ($1)  [["version", "20150627193526"]]
  [1m[36m (0.4ms)[0m  [1mCOMMIT[0m
Migrating to CreateDonations (20150627193530)
  [1m[35m (6.2ms)[0m  BEGIN
  [1m[36m (10.5ms)[0m  [1mCREATE TABLE "donations" ("id" serial primary key, "donor_id" integer, "tree_id" integer, "created_at" timestamp NOT NULL, "updated_at" timestamp NOT NULL) [0m
  [1m[35mSQL (0.2ms)[0m  INSERT INTO "schema_migrations" ("version") VALUES ($1)  [["version", "20150627193530"]]
  [1m[36m (9.5ms)[0m  [1mCOMMIT[0m
Migrating to CreatePropositions (20150627193604)
  [1m[35m (6.2ms)[0m  BEGIN
  [1m[36m (10.8ms)[0m  [1mCREATE TABLE "propositions" ("id" serial primary key, "proposer_id" integer, "proposed_id" integer, "tree_id" integer, "created_at" timestamp NOT NULL, "updated_at" timestamp NOT NULL) [0m
  [1m[35mSQL (0.1ms)[0m  INSERT INTO "schema_migrations" ("version") VALUES ($1)  [["version", "20150627193604"]]
  [1m[36m (5.1ms)[0m  [1mCOMMIT[0m
  [1m[35mActiveRecord::SchemaMigration Load (0.2ms)[0m  SELECT "schema_migrations".* FROM "schema_migrations"
  [1m[36m (1.9ms)[0m  [1mSELECT t2.oid::regclass::text AS to_table, a1.attname AS column, a2.attname AS primary_key, c.conname AS name, c.confupdtype AS on_update, c.confdeltype AS on_delete
FROM pg_constraint c
JOIN pg_class t1 ON c.conrelid = t1.oid
JOIN pg_class t2 ON c.confrelid = t2.oid
JOIN pg_attribute a1 ON a1.attnum = c.conkey[1] AND a1.attrelid = t1.oid
JOIN pg_attribute a2 ON a2.attnum = c.confkey[1] AND a2.attrelid = t2.oid
JOIN pg_namespace t3 ON c.connamespace = t3.oid
WHERE c.contype = 'f'
  AND t1.relname = 'charities'
  AND t3.nspname = ANY (current_schemas(false))
ORDER BY c.conname
[0m
  [1m[35m (1.4ms)[0m  SELECT t2.oid::regclass::text AS to_table, a1.attname AS column, a2.attname AS primary_key, c.conname AS name, c.confupdtype AS on_update, c.confdeltype AS on_delete
FROM pg_constraint c
JOIN pg_class t1 ON c.conrelid = t1.oid
JOIN pg_class t2 ON c.confrelid = t2.oid
JOIN pg_attribute a1 ON a1.attnum = c.conkey[1] AND a1.attrelid = t1.oid
JOIN pg_attribute a2 ON a2.attnum = c.confkey[1] AND a2.attrelid = t2.oid
JOIN pg_namespace t3 ON c.connamespace = t3.oid
WHERE c.contype = 'f'
  AND t1.relname = 'donations'
  AND t3.nspname = ANY (current_schemas(false))
ORDER BY c.conname

  [1m[36m (1.3ms)[0m  [1mSELECT t2.oid::regclass::text AS to_table, a1.attname AS column, a2.attname AS primary_key, c.conname AS name, c.confupdtype AS on_update, c.confdeltype AS on_delete
FROM pg_constraint c
JOIN pg_class t1 ON c.conrelid = t1.oid
JOIN pg_class t2 ON c.confrelid = t2.oid
JOIN pg_attribute a1 ON a1.attnum = c.conkey[1] AND a1.attrelid = t1.oid
JOIN pg_attribute a2 ON a2.attnum = c.confkey[1] AND a2.attrelid = t2.oid
JOIN pg_namespace t3 ON c.connamespace = t3.oid
WHERE c.contype = 'f'
  AND t1.relname = 'propositions'
  AND t3.nspname = ANY (current_schemas(false))
ORDER BY c.conname
[0m
  [1m[35m (1.3ms)[0m  SELECT t2.oid::regclass::text AS to_table, a1.attname AS column, a2.attname AS primary_key, c.conname AS name, c.confupdtype AS on_update, c.confdeltype AS on_delete
FROM pg_constraint c
JOIN pg_class t1 ON c.conrelid = t1.oid
JOIN pg_class t2 ON c.confrelid = t2.oid
JOIN pg_attribute a1 ON a1.attnum = c.conkey[1] AND a1.attrelid = t1.oid
JOIN pg_attribute a2 ON a2.attnum = c.confkey[1] AND a2.attrelid = t2.oid
JOIN pg_namespace t3 ON c.connamespace = t3.oid
WHERE c.contype = 'f'
  AND t1.relname = 'trees'
  AND t3.nspname = ANY (current_schemas(false))
ORDER BY c.conname

  [1m[36m (1.4ms)[0m  [1mSELECT t2.oid::regclass::text AS to_table, a1.attname AS column, a2.attname AS primary_key, c.conname AS name, c.confupdtype AS on_update, c.confdeltype AS on_delete
FROM pg_constraint c
JOIN pg_class t1 ON c.conrelid = t1.oid
JOIN pg_class t2 ON c.confrelid = t2.oid
JOIN pg_attribute a1 ON a1.attnum = c.conkey[1] AND a1.attrelid = t1.oid
JOIN pg_attribute a2 ON a2.attnum = c.confkey[1] AND a2.attrelid = t2.oid
JOIN pg_namespace t3 ON c.connamespace = t3.oid
WHERE c.contype = 'f'
  AND t1.relname = 'users'
  AND t3.nspname = ANY (current_schemas(false))
ORDER BY c.conname
[0m
  [1m[36mActiveRecord::SchemaMigration Load (0.2ms)[0m  [1mSELECT "schema_migrations".* FROM "schema_migrations"[0m
  [1m[35m (0.1ms)[0m  BEGIN
  [1m[36mSQL (6.9ms)[0m  [1mINSERT INTO "users" ("created_at", "updated_at") VALUES ($1, $2) RETURNING "id"[0m  [["created_at", "2015-06-27 20:08:43.665556"], ["updated_at", "2015-06-27 20:08:43.665556"]]
  [1m[35m (6.3ms)[0m  COMMIT
  [1m[36m (0.1ms)[0m  [1mBEGIN[0m
  [1m[35mSQL (0.2ms)[0m  INSERT INTO "users" ("created_at", "updated_at") VALUES ($1, $2) RETURNING "id"  [["created_at", "2015-06-27 20:08:43.682476"], ["updated_at", "2015-06-27 20:08:43.682476"]]
  [1m[36m (0.4ms)[0m  [1mCOMMIT[0m
  [1m[35m (0.2ms)[0m  BEGIN
  [1m[36mSQL (0.4ms)[0m  [1mINSERT INTO "charities" ("name", "summary", "created_at", "updated_at") VALUES ($1, $2, $3, $4) RETURNING "id"[0m  [["name", "The Human Fund"], ["summary", "Money for People"], ["created_at", "2015-06-27 20:08:43.694598"], ["updated_at", "2015-06-27 20:08:43.694598"]]
  [1m[35m (6.0ms)[0m  COMMIT
  [1m[36mActiveRecord::SchemaMigration Load (0.2ms)[0m  [1mSELECT "schema_migrations".* FROM "schema_migrations"[0m
  [1m[35m (0.1ms)[0m  BEGIN
  [1m[36mSQL (0.3ms)[0m  [1mINSERT INTO "users" ("created_at", "updated_at") VALUES ($1, $2) RETURNING "id"[0m  [["created_at", "2015-06-27 20:09:06.885847"], ["updated_at", "2015-06-27 20:09:06.885847"]]
  [1m[35m (1.1ms)[0m  COMMIT
  [1m[36m (0.1ms)[0m  [1mBEGIN[0m
  [1m[35mSQL (0.3ms)[0m  INSERT INTO "users" ("created_at", "updated_at") VALUES ($1, $2) RETURNING "id"  [["created_at", "2015-06-27 20:09:06.890608"], ["updated_at", "2015-06-27 20:09:06.890608"]]
  [1m[36m (0.4ms)[0m  [1mCOMMIT[0m
  [1m[35m (0.2ms)[0m  BEGIN
  [1m[36mSQL (0.3ms)[0m  [1mINSERT INTO "charities" ("name", "summary", "created_at", "updated_at") VALUES ($1, $2, $3, $4) RETURNING "id"[0m  [["name", "The Human Fund"], ["summary", "Money for People"], ["created_at", "2015-06-27 20:09:06.901950"], ["updated_at", "2015-06-27 20:09:06.901950"]]
  [1m[35m (0.4ms)[0m  COMMIT
  [1m[36m (0.1ms)[0m  [1mBEGIN[0m
  [1m[35mSQL (6.1ms)[0m  INSERT INTO "trees" ("donation_amount", "created_at", "updated_at") VALUES ($1, $2, $3) RETURNING "id"  [["donation_amount", 10], ["created_at", "2015-06-27 20:09:06.917644"], ["updated_at", "2015-06-27 20:09:06.917644"]]
  [1m[36m (6.0ms)[0m  [1mCOMMIT[0m
  [1m[35m (0.1ms)[0m  BEGIN
  [1m[36mSQL (0.3ms)[0m  [1mUPDATE "trees" SET "charity_id" = $1, "updated_at" = $2 WHERE "trees"."id" = $3[0m  [["charity_id", 2], ["updated_at", "2015-06-27 20:09:06.956198"], ["id", 1]]
  [1m[35m (6.3ms)[0m  COMMIT
  [1m[36m (0.1ms)[0m  [1mBEGIN[0m
  [1m[35mSQL (0.4ms)[0m  INSERT INTO "donations" ("created_at", "updated_at") VALUES ($1, $2) RETURNING "id"  [["created_at", "2015-06-27 20:09:06.979781"], ["updated_at", "2015-06-27 20:09:06.979781"]]
  [1m[36m (6.1ms)[0m  [1mCOMMIT[0m
  [1m[36mActiveRecord::SchemaMigration Load (0.2ms)[0m  [1mSELECT "schema_migrations".* FROM "schema_migrations"[0m
  [1m[35m (0.1ms)[0m  BEGIN
  [1m[36mSQL (0.3ms)[0m  [1mINSERT INTO "users" ("created_at", "updated_at") VALUES ($1, $2) RETURNING "id"[0m  [["created_at", "2015-06-27 20:10:39.823204"], ["updated_at", "2015-06-27 20:10:39.823204"]]
  [1m[35m (0.8ms)[0m  COMMIT
  [1m[36m (0.1ms)[0m  [1mBEGIN[0m
  [1m[35mSQL (0.2ms)[0m  INSERT INTO "users" ("created_at", "updated_at") VALUES ($1, $2) RETURNING "id"  [["created_at", "2015-06-27 20:10:39.827350"], ["updated_at", "2015-06-27 20:10:39.827350"]]
  [1m[36m (0.3ms)[0m  [1mCOMMIT[0m
  [1m[35m (0.1ms)[0m  BEGIN
  [1m[36mSQL (0.2ms)[0m  [1mINSERT INTO "charities" ("name", "summary", "created_at", "updated_at") VALUES ($1, $2, $3, $4) RETURNING "id"[0m  [["name", "The Human Fund"], ["summary", "Money for People"], ["created_at", "2015-06-27 20:10:39.836510"], ["updated_at", "2015-06-27 20:10:39.836510"]]
  [1m[35m (0.4ms)[0m  COMMIT
  [1m[36m (0.1ms)[0m  [1mBEGIN[0m
  [1m[35mSQL (0.2ms)[0m  INSERT INTO "trees" ("donation_amount", "created_at", "updated_at") VALUES ($1, $2, $3) RETURNING "id"  [["donation_amount", 10], ["created_at", "2015-06-27 20:10:39.847255"], ["updated_at", "2015-06-27 20:10:39.847255"]]
  [1m[36m (0.3ms)[0m  [1mCOMMIT[0m
  [1m[35m (0.1ms)[0m  BEGIN
  [1m[36mSQL (0.3ms)[0m  [1mUPDATE "trees" SET "charity_id" = $1, "updated_at" = $2 WHERE "trees"."id" = $3[0m  [["charity_id", 3], ["updated_at", "2015-06-27 20:10:39.864648"], ["id", 2]]
  [1m[35m (0.3ms)[0m  COMMIT
  [1m[36m (0.1ms)[0m  [1mBEGIN[0m
  [1m[35mSQL (0.2ms)[0m  INSERT INTO "donations" ("created_at", "updated_at") VALUES ($1, $2) RETURNING "id"  [["created_at", "2015-06-27 20:10:39.877015"], ["updated_at", "2015-06-27 20:10:39.877015"]]
  [1m[36m (0.3ms)[0m  [1mCOMMIT[0m
  [1m[35m (0.1ms)[0m  BEGIN
  [1m[36mSQL (0.2ms)[0m  [1mUPDATE "donations" SET "donor_id" = $1, "updated_at" = $2 WHERE "donations"."id" = $3[0m  [["donor_id", 5], ["updated_at", "2015-06-27 20:10:39.880269"], ["id", 2]]
  [1m[35m (0.3ms)[0m  COMMIT
  [1m[36m (0.1ms)[0m  [1mBEGIN[0m
  [1m[35mSQL (0.1ms)[0m  UPDATE "donations" SET "tree_id" = $1, "updated_at" = $2 WHERE "donations"."id" = $3  [["tree_id", 2], ["updated_at", "2015-06-27 20:10:39.884237"], ["id", 2]]
  [1m[36m (0.3ms)[0m  [1mCOMMIT[0m
  [1m[35m (0.1ms)[0m  BEGIN
  [1m[36mSQL (0.4ms)[0m  [1mINSERT INTO "propositions" ("created_at", "updated_at") VALUES ($1, $2) RETURNING "id"[0m  [["created_at", "2015-06-27 20:10:39.894006"], ["updated_at", "2015-06-27 20:10:39.894006"]]
  [1m[35m (6.5ms)[0m  COMMIT
  [1m[36mActiveRecord::SchemaMigration Load (0.2ms)[0m  [1mSELECT "schema_migrations".* FROM "schema_migrations"[0m
  [1m[35m (0.1ms)[0m  BEGIN
  [1m[36mSQL (0.3ms)[0m  [1mINSERT INTO "users" ("created_at", "updated_at") VALUES ($1, $2) RETURNING "id"[0m  [["created_at", "2015-06-27 20:11:04.143909"], ["updated_at", "2015-06-27 20:11:04.143909"]]
  [1m[35m (1.0ms)[0m  COMMIT
  [1m[36m (0.2ms)[0m  [1mBEGIN[0m
  [1m[35mSQL (0.2ms)[0m  INSERT INTO "users" ("created_at", "updated_at") VALUES ($1, $2) RETURNING "id"  [["created_at", "2015-06-27 20:11:04.148403"], ["updated_at", "2015-06-27 20:11:04.148403"]]
  [1m[36m (0.3ms)[0m  [1mCOMMIT[0m
  [1m[35m (0.1ms)[0m  BEGIN
  [1m[36mSQL (0.2ms)[0m  [1mINSERT INTO "charities" ("name", "summary", "created_at", "updated_at") VALUES ($1, $2, $3, $4) RETURNING "id"[0m  [["name", "The Human Fund"], ["summary", "Money for People"], ["created_at", "2015-06-27 20:11:04.159697"], ["updated_at", "2015-06-27 20:11:04.159697"]]
  [1m[35m (0.3ms)[0m  COMMIT
  [1m[36m (0.1ms)[0m  [1mBEGIN[0m
  [1m[35mSQL (0.2ms)[0m  INSERT INTO "trees" ("donation_amount", "created_at", "updated_at") VALUES ($1, $2, $3) RETURNING "id"  [["donation_amount", 10], ["created_at", "2015-06-27 20:11:04.172486"], ["updated_at", "2015-06-27 20:11:04.172486"]]
  [1m[36m (0.3ms)[0m  [1mCOMMIT[0m
  [1m[35m (0.1ms)[0m  BEGIN
  [1m[36mSQL (0.2ms)[0m  [1mUPDATE "trees" SET "charity_id" = $1, "updated_at" = $2 WHERE "trees"."id" = $3[0m  [["charity_id", 4], ["updated_at", "2015-06-27 20:11:04.190275"], ["id", 3]]
  [1m[35m (0.5ms)[0m  COMMIT
  [1m[36m (0.1ms)[0m  [1mBEGIN[0m
  [1m[35mSQL (0.2ms)[0m  INSERT INTO "donations" ("created_at", "updated_at") VALUES ($1, $2) RETURNING "id"  [["created_at", "2015-06-27 20:11:04.205846"], ["updated_at", "2015-06-27 20:11:04.205846"]]
  [1m[36m (0.3ms)[0m  [1mCOMMIT[0m
  [1m[35m (0.1ms)[0m  BEGIN
  [1m[36mSQL (0.2ms)[0m  [1mUPDATE "donations" SET "donor_id" = $1, "updated_at" = $2 WHERE "donations"."id" = $3[0m  [["donor_id", 7], ["updated_at", "2015-06-27 20:11:04.209267"], ["id", 3]]
  [1m[35m (0.3ms)[0m  COMMIT
  [1m[36m (0.1ms)[0m  [1mBEGIN[0m
  [1m[35mSQL (0.2ms)[0m  UPDATE "donations" SET "tree_id" = $1, "updated_at" = $2 WHERE "donations"."id" = $3  [["tree_id", 3], ["updated_at", "2015-06-27 20:11:04.214884"], ["id", 3]]
  [1m[36m (0.3ms)[0m  [1mCOMMIT[0m
  [1m[35m (0.1ms)[0m  BEGIN
  [1m[36mSQL (0.2ms)[0m  [1mINSERT INTO "propositions" ("created_at", "updated_at") VALUES ($1, $2) RETURNING "id"[0m  [["created_at", "2015-06-27 20:11:04.225226"], ["updated_at", "2015-06-27 20:11:04.225226"]]
  [1m[35m (0.3ms)[0m  COMMIT
  [1m[36m (0.1ms)[0m  [1mBEGIN[0m
  [1m[35mSQL (0.2ms)[0m  UPDATE "propositions" SET "proposer_id" = $1, "updated_at" = $2 WHERE "propositions"."id" = $3  [["proposer_id", 7], ["updated_at", "2015-06-27 20:11:04.228548"], ["id", 2]]
  [1m[36m (0.3ms)[0m  [1mCOMMIT[0m
  [1m[35m (0.1ms)[0m  BEGIN
  [1m[36mSQL (0.2ms)[0m  [1mUPDATE "propositions" SET "tree_id" = $1, "updated_at" = $2 WHERE "propositions"."id" = $3[0m  [["tree_id", 3], ["updated_at", "2015-06-27 20:11:04.231403"], ["id", 2]]
  [1m[35m (0.3ms)[0m  COMMIT
  [1m[36mUser Load (0.4ms)[0m  [1mSELECT "users".* FROM "users"[0m
  [1m[35mProposition Load (0.5ms)[0m  SELECT "propositions".* FROM "propositions"
  [1m[36m (3.0ms)[0m  [1mCREATE TABLE "schema_migrations" ("version" character varying NOT NULL) [0m
  [1m[35m (1.3ms)[0m  CREATE UNIQUE INDEX  "unique_schema_migrations" ON "schema_migrations"  ("version")
  [1m[36mActiveRecord::SchemaMigration Load (0.3ms)[0m  [1mSELECT "schema_migrations".* FROM "schema_migrations"[0m
Migrating to CreateUsers (20150627193516)
  [1m[35m (0.1ms)[0m  BEGIN
  [1m[36m (2.8ms)[0m  [1mCREATE TABLE "users" ("id" serial primary key, "created_at" timestamp NOT NULL, "updated_at" timestamp NOT NULL) [0m
  [1m[35mSQL (0.3ms)[0m  INSERT INTO "schema_migrations" ("version") VALUES ($1)  [["version", "20150627193516"]]
  [1m[36m (0.4ms)[0m  [1mCOMMIT[0m
Migrating to CreateTrees (20150627193522)
  [1m[35m (0.2ms)[0m  BEGIN
  [1m[36m (2.3ms)[0m  [1mCREATE TABLE "trees" ("id" serial primary key, "charity_id" integer, "donation_amount" integer, "created_at" timestamp NOT NULL, "updated_at" timestamp NOT NULL) [0m
  [1m[35mSQL (0.2ms)[0m  INSERT INTO "schema_migrations" ("version") VALUES ($1)  [["version", "20150627193522"]]
  [1m[36m (0.4ms)[0m  [1mCOMMIT[0m
Migrating to CreateCharities (20150627193526)
  [1m[35m (0.2ms)[0m  BEGIN
  [1m[36m (3.8ms)[0m  [1mCREATE TABLE "charities" ("id" serial primary key, "name" character varying, "summary" character varying, "url" character varying, "jg_code" character varying, "created_at" timestamp NOT NULL, "updated_at" timestamp NOT NULL) [0m
  [1m[35mSQL (0.2ms)[0m  INSERT INTO "schema_migrations" ("version") VALUES ($1)  [["version", "20150627193526"]]
  [1m[36m (0.4ms)[0m  [1mCOMMIT[0m
Migrating to CreateDonations (20150627193530)
  [1m[35m (0.3ms)[0m  BEGIN
  [1m[36m (2.2ms)[0m  [1mCREATE TABLE "donations" ("id" serial primary key, "donor_id" integer, "tree_id" integer, "created_at" timestamp NOT NULL, "updated_at" timestamp NOT NULL) [0m
  [1m[35mSQL (0.2ms)[0m  INSERT INTO "schema_migrations" ("version") VALUES ($1)  [["version", "20150627193530"]]
  [1m[36m (0.3ms)[0m  [1mCOMMIT[0m
Migrating to CreatePropositions (20150627193604)
  [1m[35m (0.2ms)[0m  BEGIN
  [1m[36m (2.1ms)[0m  [1mCREATE TABLE "propositions" ("id" serial primary key, "proposer_id" integer, "proposed_id" integer, "tree_id" integer, "created_at" timestamp NOT NULL, "updated_at" timestamp NOT NULL) [0m
  [1m[35mSQL (0.1ms)[0m  INSERT INTO "schema_migrations" ("version") VALUES ($1)  [["version", "20150627193604"]]
  [1m[36m (0.4ms)[0m  [1mCOMMIT[0m
  [1m[35mActiveRecord::SchemaMigration Load (0.1ms)[0m  SELECT "schema_migrations".* FROM "schema_migrations"
  [1m[36m (2.4ms)[0m  [1mSELECT t2.oid::regclass::text AS to_table, a1.attname AS column, a2.attname AS primary_key, c.conname AS name, c.confupdtype AS on_update, c.confdeltype AS on_delete
FROM pg_constraint c
JOIN pg_class t1 ON c.conrelid = t1.oid
JOIN pg_class t2 ON c.confrelid = t2.oid
JOIN pg_attribute a1 ON a1.attnum = c.conkey[1] AND a1.attrelid = t1.oid
JOIN pg_attribute a2 ON a2.attnum = c.confkey[1] AND a2.attrelid = t2.oid
JOIN pg_namespace t3 ON c.connamespace = t3.oid
WHERE c.contype = 'f'
  AND t1.relname = 'charities'
  AND t3.nspname = ANY (current_schemas(false))
ORDER BY c.conname
[0m
  [1m[35m (1.8ms)[0m  SELECT t2.oid::regclass::text AS to_table, a1.attname AS column, a2.attname AS primary_key, c.conname AS name, c.confupdtype AS on_update, c.confdeltype AS on_delete
FROM pg_constraint c
JOIN pg_class t1 ON c.conrelid = t1.oid
JOIN pg_class t2 ON c.confrelid = t2.oid
JOIN pg_attribute a1 ON a1.attnum = c.conkey[1] AND a1.attrelid = t1.oid
JOIN pg_attribute a2 ON a2.attnum = c.confkey[1] AND a2.attrelid = t2.oid
JOIN pg_namespace t3 ON c.connamespace = t3.oid
WHERE c.contype = 'f'
  AND t1.relname = 'donations'
  AND t3.nspname = ANY (current_schemas(false))
ORDER BY c.conname

  [1m[36m (2.1ms)[0m  [1mSELECT t2.oid::regclass::text AS to_table, a1.attname AS column, a2.attname AS primary_key, c.conname AS name, c.confupdtype AS on_update, c.confdeltype AS on_delete
FROM pg_constraint c
JOIN pg_class t1 ON c.conrelid = t1.oid
JOIN pg_class t2 ON c.confrelid = t2.oid
JOIN pg_attribute a1 ON a1.attnum = c.conkey[1] AND a1.attrelid = t1.oid
JOIN pg_attribute a2 ON a2.attnum = c.confkey[1] AND a2.attrelid = t2.oid
JOIN pg_namespace t3 ON c.connamespace = t3.oid
WHERE c.contype = 'f'
  AND t1.relname = 'propositions'
  AND t3.nspname = ANY (current_schemas(false))
ORDER BY c.conname
[0m
  [1m[35m (1.9ms)[0m  SELECT t2.oid::regclass::text AS to_table, a1.attname AS column, a2.attname AS primary_key, c.conname AS name, c.confupdtype AS on_update, c.confdeltype AS on_delete
FROM pg_constraint c
JOIN pg_class t1 ON c.conrelid = t1.oid
JOIN pg_class t2 ON c.confrelid = t2.oid
JOIN pg_attribute a1 ON a1.attnum = c.conkey[1] AND a1.attrelid = t1.oid
JOIN pg_attribute a2 ON a2.attnum = c.confkey[1] AND a2.attrelid = t2.oid
JOIN pg_namespace t3 ON c.connamespace = t3.oid
WHERE c.contype = 'f'
  AND t1.relname = 'trees'
  AND t3.nspname = ANY (current_schemas(false))
ORDER BY c.conname

  [1m[36m (1.7ms)[0m  [1mSELECT t2.oid::regclass::text AS to_table, a1.attname AS column, a2.attname AS primary_key, c.conname AS name, c.confupdtype AS on_update, c.confdeltype AS on_delete
FROM pg_constraint c
JOIN pg_class t1 ON c.conrelid = t1.oid
JOIN pg_class t2 ON c.confrelid = t2.oid
JOIN pg_attribute a1 ON a1.attnum = c.conkey[1] AND a1.attrelid = t1.oid
JOIN pg_attribute a2 ON a2.attnum = c.confkey[1] AND a2.attrelid = t2.oid
JOIN pg_namespace t3 ON c.connamespace = t3.oid
WHERE c.contype = 'f'
  AND t1.relname = 'users'
  AND t3.nspname = ANY (current_schemas(false))
ORDER BY c.conname
[0m
  [1m[36mActiveRecord::SchemaMigration Load (0.4ms)[0m  [1mSELECT "schema_migrations".* FROM "schema_migrations"[0m
  [1m[35m (0.1ms)[0m  BEGIN
  [1m[36mSQL (0.4ms)[0m  [1mINSERT INTO "users" ("created_at", "updated_at") VALUES ($1, $2) RETURNING "id"[0m  [["created_at", "2015-06-27 20:12:26.623262"], ["updated_at", "2015-06-27 20:12:26.623262"]]
  [1m[35m (0.3ms)[0m  COMMIT
  [1m[36m (0.1ms)[0m  [1mBEGIN[0m
  [1m[35mSQL (0.1ms)[0m  INSERT INTO "users" ("created_at", "updated_at") VALUES ($1, $2) RETURNING "id"  [["created_at", "2015-06-27 20:12:26.626976"], ["updated_at", "2015-06-27 20:12:26.626976"]]
  [1m[36m (0.3ms)[0m  [1mCOMMIT[0m
  [1m[35m (0.1ms)[0m  BEGIN
  [1m[36mSQL (0.3ms)[0m  [1mINSERT INTO "charities" ("name", "summary", "created_at", "updated_at") VALUES ($1, $2, $3, $4) RETURNING "id"[0m  [["name", "The Human Fund"], ["summary", "Money for People"], ["created_at", "2015-06-27 20:12:26.634587"], ["updated_at", "2015-06-27 20:12:26.634587"]]
  [1m[35m (0.4ms)[0m  COMMIT
  [1m[36m (0.1ms)[0m  [1mBEGIN[0m
  [1m[35mSQL (0.4ms)[0m  INSERT INTO "trees" ("donation_amount", "created_at", "updated_at") VALUES ($1, $2, $3) RETURNING "id"  [["donation_amount", 10], ["created_at", "2015-06-27 20:12:26.649148"], ["updated_at", "2015-06-27 20:12:26.649148"]]
  [1m[36m (0.5ms)[0m  [1mCOMMIT[0m
  [1m[35m (0.1ms)[0m  BEGIN
  [1m[36mSQL (0.2ms)[0m  [1mUPDATE "trees" SET "charity_id" = $1, "updated_at" = $2 WHERE "trees"."id" = $3[0m  [["charity_id", 1], ["updated_at", "2015-06-27 20:12:26.668891"], ["id", 1]]
  [1m[35m (0.3ms)[0m  COMMIT
  [1m[36m (0.1ms)[0m  [1mBEGIN[0m
  [1m[35mSQL (0.3ms)[0m  INSERT INTO "donations" ("created_at", "updated_at") VALUES ($1, $2) RETURNING "id"  [["created_at", "2015-06-27 20:12:26.680578"], ["updated_at", "2015-06-27 20:12:26.680578"]]
  [1m[36m (0.2ms)[0m  [1mCOMMIT[0m
  [1m[35m (0.1ms)[0m  BEGIN
  [1m[36mSQL (0.3ms)[0m  [1mUPDATE "donations" SET "donor_id" = $1, "updated_at" = $2 WHERE "donations"."id" = $3[0m  [["donor_id", 1], ["updated_at", "2015-06-27 20:12:26.684719"], ["id", 1]]
  [1m[35m (0.4ms)[0m  COMMIT
  [1m[36m (0.1ms)[0m  [1mBEGIN[0m
  [1m[35mSQL (0.2ms)[0m  UPDATE "donations" SET "tree_id" = $1, "updated_at" = $2 WHERE "donations"."id" = $3  [["tree_id", 1], ["updated_at", "2015-06-27 20:12:26.690640"], ["id", 1]]
  [1m[36m (0.5ms)[0m  [1mCOMMIT[0m
  [1m[35m (0.1ms)[0m  BEGIN
  [1m[36mSQL (0.3ms)[0m  [1mINSERT INTO "propositions" ("created_at", "updated_at") VALUES ($1, $2) RETURNING "id"[0m  [["created_at", "2015-06-27 20:12:26.702207"], ["updated_at", "2015-06-27 20:12:26.702207"]]
  [1m[35m (0.2ms)[0m  COMMIT
  [1m[36m (0.1ms)[0m  [1mBEGIN[0m
  [1m[35mSQL (0.2ms)[0m  UPDATE "propositions" SET "proposer_id" = $1, "updated_at" = $2 WHERE "propositions"."id" = $3  [["proposer_id", 1], ["updated_at", "2015-06-27 20:12:26.705569"], ["id", 1]]
  [1m[36m (0.3ms)[0m  [1mCOMMIT[0m
  [1m[35m (0.1ms)[0m  BEGIN
  [1m[36mSQL (0.1ms)[0m  [1mUPDATE "propositions" SET "tree_id" = $1, "updated_at" = $2 WHERE "propositions"."id" = $3[0m  [["tree_id", 1], ["updated_at", "2015-06-27 20:12:26.708420"], ["id", 1]]
  [1m[35m (0.6ms)[0m  COMMIT
  [1m[36mUser Load (0.4ms)[0m  [1mSELECT "users".* FROM "users"[0m
  [1m[35mTree Load (0.3ms)[0m  SELECT  "trees".* FROM "trees" WHERE "trees"."id" = $1 LIMIT 1  [["id", 1]]
  [1m[36mTree Load (0.3ms)[0m  [1mSELECT  "trees".* FROM "trees" WHERE "trees"."id" = $1 LIMIT 1[0m  [["id", 1]]
  [1m[35mUser Load (0.5ms)[0m  SELECT "users".* FROM "users" INNER JOIN "donations" ON "users"."id" = "donations"."donor_id" WHERE "donations"."tree_id" = $1  [["tree_id", 1]]
  [1m[36mUser Load (0.3ms)[0m  [1mSELECT  "users".* FROM "users" WHERE "users"."id" = $1 LIMIT 1[0m  [["id", 1]]
  [1m[35mProposition Load (0.2ms)[0m  SELECT "propositions".* FROM "propositions" WHERE "propositions"."proposer_id" = $1  [["proposer_id", 1]]
